<?xml version="1.0" encoding="UTF-8"?>
<testng-results ignored="0" total="1" passed="1" failed="0" skipped="0">
  <reporter-output>
  </reporter-output>
  <suite started-at="2024-03-27T15:16:03 IST" name="Surefire suite" finished-at="2024-03-27T15:16:03 IST" duration-ms="109">
    <groups>
    </groups>
    <test started-at="2024-03-27T15:16:03 IST" name="Surefire test" finished-at="2024-03-27T15:16:03 IST" duration-ms="109">
      <class name="com.testing.AppTest">
        <test-method signature="shouldAnswerWithTrue()" started-at="2024-03-27T15:16:03 IST" name="shouldAnswerWithTrue" finished-at="2024-03-27T15:16:03 IST" duration-ms="20" status="PASS">
          <reporter-output>
          </reporter-output>
        </test-method> <!-- shouldAnswerWithTrue -->
      </class> <!-- com.testing.AppTest -->
    </test> <!-- Surefire test -->
  </suite> <!-- Surefire suite -->
</testng-results>
